#
# There is insufficient memory for the Java Runtime Environment to continue.
# Native memory allocation (mmap) failed to map 65536 bytes for Failed to commit metaspace.
# Possible reasons:
#   The system is out of physical RAM or swap space
#   The process is running with CompressedOops enabled, and the Java Heap may be blocking the growth of the native heap
# Possible solutions:
#   Reduce memory load on the system
#   Increase physical memory or swap space
#   Check if swap backing store is full
#   Decrease Java heap size (-Xmx/-Xms)
#   Decrease number of Java threads
#   Decrease Java thread stack sizes (-Xss)
#   Set larger code cache with -XX:ReservedCodeCacheSize=
#   JVM is running with Unscaled Compressed Oops mode in which the Java heap is
#     placed in the first 4GB address space. The Java Heap base address is the
#     maximum limit for the native heap growth. Please use -XX:HeapBaseMinAddress
#     to set the Java Heap base and to place the Java Heap above 4GB virtual address.
# This output file may be truncated or incomplete.
#
#  Out of Memory Error (virtualSpaceNode.cpp:112), pid=16632, tid=13416
#
# JRE version: Java(TM) SE Runtime Environment (21.0.2+13) (build 21.0.2+13-LTS-58)
# Java VM: Java HotSpot(TM) 64-Bit Server VM (21.0.2+13-LTS-58, mixed mode, sharing, tiered, compressed oops, compressed class ptrs, g1 gc, windows-amd64)
# No core dump will be written. Minidumps are not enabled by default on client versions of Windows
#

---------------  S U M M A R Y ------------

Command Line: -javaagent:C:\Program Files\JetBrains\IntelliJ IDEA Community Edition 2024.2.1\lib\idea_rt.jar=53335:C:\Program Files\JetBrains\IntelliJ IDEA Community Edition 2024.2.1\bin -Dfile.encoding=UTF-8 -Dsun.stdout.encoding=UTF-8 -Dsun.stderr.encoding=UTF-8 com.digitallibrary.DigitalLibraryApplication

Host: Intel(R) Core(TM) i5-1035G1 CPU @ 1.00GHz, 8 cores, 3G,  Windows 11 , 64 bit Build 26100 (10.0.26100.3323)
Time: Fri Mar 28 22:12:31 2025 India Standard Time elapsed time: 2.548839 seconds (0d 0h 0m 2s)

---------------  T H R E A D  ---------------

Current thread (0x00000194b07c0580):  JavaThread "main"             [_thread_in_vm, id=13416, stack(0x000000269b400000,0x000000269b500000) (1024K)]

Stack: [0x000000269b400000,0x000000269b500000]
Native frames: (J=compiled Java code, j=interpreted, Vv=VM code, C=native code)
V  [jvm.dll+0x6cade9]
V  [jvm.dll+0x8569c1]
V  [jvm.dll+0x858d2e]
V  [jvm.dll+0x859413]
V  [jvm.dll+0x280e56]
V  [jvm.dll+0x8526ee]
V  [jvm.dll+0x66e705]
V  [jvm.dll+0x66e76a]
V  [jvm.dll+0x670f96]
V  [jvm.dll+0x670e62]
V  [jvm.dll+0x66f0de]
V  [jvm.dll+0x68038a]
V  [jvm.dll+0x679622]
V  [jvm.dll+0x245ce1]
V  [jvm.dll+0x245e55]
V  [jvm.dll+0x3d50fc]
V  [jvm.dll+0x3d4eed]
C  0x00000194c015bd68

The last pc belongs to method entry point (kind = zerolocals) (printed below).
Java frames: (J=compiled Java code, j=interpreted, Vv=VM code)
j  java.util.HashMap.putIfAbsent(Ljava/lang/Object;Ljava/lang/Object;)Ljava/lang/Object;+0 java.base@21.0.2
j  java.lang.module.Resolver.checkExportSuppliers(Ljava/util/Map;)V+425 java.base@21.0.2
j  java.lang.module.Resolver.finish(Ljava/lang/module/Configuration;)Ljava/util/Map;+16 java.base@21.0.2
j  java.lang.module.Configuration.<init>(Ljava/util/List;Ljava/lang/module/Resolver;)V+6 java.base@21.0.2
j  java.lang.module.Configuration.resolveAndBind(Ljava/lang/module/ModuleFinder;Ljava/util/Collection;Ljava/io/PrintStream;)Ljava/lang/module/Configuration;+44 java.base@21.0.2
j  java.lang.module.ModuleDescriptor$1.resolveAndBind(Ljava/lang/module/ModuleFinder;Ljava/util/Collection;Ljava/io/PrintStream;)Ljava/lang/module/Configuration;+3 java.base@21.0.2
j  jdk.internal.module.Modules.newBootLayerConfiguration(Ljava/lang/module/ModuleFinder;Ljava/util/Collection;Ljava/io/PrintStream;)Ljava/lang/module/Configuration;+6 java.base@21.0.2
j  jdk.internal.module.ModuleBootstrap.boot2()Ljava/lang/ModuleLayer;+896 java.base@21.0.2
j  jdk.internal.module.ModuleBootstrap.boot()Ljava/lang/ModuleLayer;+64 java.base@21.0.2
j  java.lang.System.initPhase2(ZZ)I+0 java.base@21.0.2
v  ~StubRoutines::call_stub 0x00000194c01510e7
method entry point (kind = zerolocals)  [0x00000194c015ba00, 0x00000194c015bdb8]  952 bytes
[MachCode]
  0x00000194c015ba00: 488b 5308 | 0fb7 4a2e | 0fb7 522c | 2bd1 81fa | f501 0000 | 0f86 2500 | 0000 488b | c248 c1e0 
  0x00000194c015ba20: 0348 83c0 | 5849 0387 | d004 0000 | 483b e00f | 870a 0000 | 0058 498b | e550 e941 | acff ff58 
  0x00000194c015ba40: 4c8d 74cc | f885 d20f | 8e09 0000 | 0068 0000 | 0000 ffca | 7ff7 5055 | 488b ec41 | 5568 0000 
  0x00000194c015ba60: 0000 4c8b | 6b08 4d8d | 6d38 5348 | 8b53 0848 | 8b52 0848 | 8b52 1848 | 8b52 7048 | 8b12 5248 
  0x00000194c015ba80: 8b53 1048 | 85d2 0f84 | 0700 0000 | 4881 c208 | 0100 0052 | 488b 5308 | 488b 5208 | 488b 5210 
  0x00000194c015baa0: 5249 8bc6 | 482b c548 | c1e8 0350 | 4155 6800 | 0000 0048 | 8924 2441 | c687 7904 | 0000 0148 
  0x00000194c015bac0: 8b45 d848 | 85c0 0f84 | 8300 0000 | 8b48 fc85 | c90f 8878 | 0000 0048 | 03c1 488b | 4808 4883 
  0x00000194c015bae0: e902 488b | 54c8 1048 | f7da 498b | 14d6 4885 | d275 0848 | 834c c818 | 01eb 4e8b | 5208 49ba 
  0x00000194c015bb00: 0000 00cc | 9401 0000 | 4903 d248 | 3354 c818 | 48f7 c2fc | ffff ff74 | 30f6 c202 | 752b 4883 
  0x00000194c015bb20: 7cc8 1800 | 741e 4883 | 7cc8 1801 | 7416 4833 | 54c8 1848 | f7c2 fcff | ffff 740d | 4883 4cc8 
  0x00000194c015bb40: 1802 eb05 | 4889 54c8 | 1848 83e9 | 0279 9348 | 8b43 1048 | 85c0 7420 | 8b88 cc00 | 0000 83c1 
  0x00000194c015bb60: 0289 88cc | 0000 0023 | 88e0 0000 | 000f 8496 | 0100 00e9 | cf00 0000 | 488b 4318 | 4885 c00f 
  0x00000194c015bb80: 85b0 0000 | 00e8 0500 | 0000 e999 | 0000 0048 | 8bd3 488d | 4424 084c | 896d c049 | 8bcf c5f8 
  0x00000194c015bba0: 7749 89af | a803 0000 | 4989 8798 | 0300 0048 | 83ec 2040 | f6c4 0f0f | 8419 0000 | 0048 83ec 
  0x00000194c015bbc0: 0848 b850 | 4416 fcff | 7f00 00ff | d048 83c4 | 08e9 0c00 | 0000 48b8 | 5044 16fc | ff7f 0000 
  0x00000194c015bbe0: ffd0 4883 | c420 49c7 | 8798 0300 | 0000 0000 | 0049 c787 | a803 0000 | 0000 0000 | 49c7 87a0 
  0x00000194c015bc00: 0300 0000 | 0000 00c5 | f877 4983 | 7f08 000f | 8405 0000 | 00e9 e652 | ffff 4c8b | 6dc0 4c8b 
  0x00000194c015bc20: 75c8 4e8d | 74f5 00c3 | 488b 4318 | 4885 c00f | 8412 0000 | 008b 4808 | 83c1 0289 | 4808 2348 
  0x00000194c015bc40: 1c0f 84c2 | 0000 0049 | 3ba7 e804 | 0000 0f87 | 4800 0000 | 8984 2400 | f0ff ff89 | 8424 00e0 
  0x00000194c015bc60: ffff 8984 | 2400 d0ff | ff89 8424 | 00c0 ffff | 8984 2400 | b0ff ff89 | 8424 00a0 | ffff 8984 
  0x00000194c015bc80: 2400 90ff | ff89 8424 | 0080 ffff | 493b a7e0 | 0400 0076 | 0749 89a7 | e804 0000 | 41c6 8779 
  0x00000194c015bca0: 0400 0000 | 49ba f945 | 9bfc ff7f | 0000 4180 | 3a00 0f84 | 3e00 0000 | 488b 55e8 | 498b cf48 
  0x00000194c015bcc0: 83ec 2040 | f6c4 0f0f | 8419 0000 | 0048 83ec | 0848 b840 | 094c fcff | 7f00 00ff | d048 83c4 
  0x00000194c015bce0: 08e9 0c00 | 0000 48b8 | 4009 4cfc | ff7f 0000 | ffd0 4883 | c420 410f | b65d 0049 | ba00 0f9e 
  0x00000194c015bd00: fcff 7f00 | 0041 ff24 | daba 0000 | 0000 e805 | 0000 00e9 | 9600 0000 | 488d 4424 | 084c 896d 
  0x00000194c015bd20: c049 8bcf | c5f8 7749 | 89af a803 | 0000 4989 | 8798 0300 | 0048 83ec | 2040 f6c4 | 0f0f 8419 
  0x00000194c015bd40: 0000 0048 | 83ec 0848 | b8d0 4e16 | fcff 7f00 | 00ff d048 | 83c4 08e9 | 0c00 0000 | 48b8 d04e 
  0x00000194c015bd60: 16fc ff7f | 0000 ffd0 | 4883 c420 | 49c7 8798 | 0300 0000 | 0000 0049 | c787 a803 | 0000 0000 
  0x00000194c015bd80: 0000 49c7 | 87a0 0300 | 0000 0000 | 00c5 f877 | 4983 7f08 | 000f 8405 | 0000 00e9 | 6051 ffff 
  0x00000194c015bda0: 4c8b 6dc0 | 4c8b 75c8 | 4e8d 74f5 | 00c3 488b | 5de8 e990 | feff ff90 
[/MachCode]

---------------  P R O C E S S  ---------------

Threads class SMR info:
_java_thread_list=0x0000019511071ed0, length=10, elements={
0x00000194b07c0580, 0x00000194cbbe1d70, 0x00000194cbbe37e0, 0x00000194cbbeeff0,
0x00000194cbbefb40, 0x00000194cbbf3720, 0x00000194cbbf73c0, 0x00000194cbc005c0,
0x00000194cbbfe7d0, 0x00000195110742d0
}

Java Threads: ( => current thread )
=>0x00000194b07c0580 JavaThread "main"                              [_thread_in_vm, id=13416, stack(0x000000269b400000,0x000000269b500000) (1024K)]
  0x00000194cbbe1d70 JavaThread "Reference Handler"          daemon [_thread_blocked, id=15692, stack(0x000000269bc00000,0x000000269bd00000) (1024K)]
  0x00000194cbbe37e0 JavaThread "Finalizer"                  daemon [_thread_blocked, id=14504, stack(0x000000269bd00000,0x000000269be00000) (1024K)]
  0x00000194cbbeeff0 JavaThread "Signal Dispatcher"          daemon [_thread_blocked, id=1740, stack(0x000000269be00000,0x000000269bf00000) (1024K)]
  0x00000194cbbefb40 JavaThread "Attach Listener"            daemon [_thread_blocked, id=7492, stack(0x000000269bf00000,0x000000269c000000) (1024K)]
  0x00000194cbbf3720 JavaThread "Service Thread"             daemon [_thread_blocked, id=22660, stack(0x000000269c000000,0x000000269c100000) (1024K)]
  0x00000194cbbf73c0 JavaThread "Monitor Deflation Thread"   daemon [_thread_blocked, id=22552, stack(0x000000269c100000,0x000000269c200000) (1024K)]
  0x00000194cbc005c0 JavaThread "C2 CompilerThread0"         daemon [_thread_blocked, id=20004, stack(0x000000269c200000,0x000000269c300000) (1024K)]
  0x00000194cbbfe7d0 JavaThread "C1 CompilerThread0"         daemon [_thread_blocked, id=18976, stack(0x000000269c300000,0x000000269c400000) (1024K)]
  0x00000195110742d0 JavaThread "Common-Cleaner"             daemon [_thread_blocked, id=5024, stack(0x000000269c400000,0x000000269c500000) (1024K)]
Total: 10

Other Threads:
  0x00000194cbbc4a70 VMThread "VM Thread"                           [id=17104, stack(0x000000269bb00000,0x000000269bc00000) (1024K)] _threads_hazard_ptr=0x0000019511071ed0
  0x00000194cbbacee0 WatcherThread "VM Periodic Task Thread"        [id=23340, stack(0x000000269ba00000,0x000000269bb00000) (1024K)]
  0x00000194b07fa220 WorkerThread "GC Thread#0"                     [id=19084, stack(0x000000269b500000,0x000000269b600000) (1024K)]
  0x00000194b0803210 ConcurrentGCThread "G1 Main Marker"            [id=18324, stack(0x000000269b600000,0x000000269b700000) (1024K)]
  0x00000194b0804b90 WorkerThread "G1 Conc#0"                       [id=23060, stack(0x000000269b700000,0x000000269b800000) (1024K)]
  0x00000194b086a1c0 ConcurrentGCThread "G1 Refine#0"               [id=3644, stack(0x000000269b800000,0x000000269b900000) (1024K)]
  0x00000194b086ad30 ConcurrentGCThread "G1 Service"                [id=18076, stack(0x000000269b900000,0x000000269ba00000) (1024K)]
Total: 7

Threads with active compile tasks:
Total: 0

VM state: synchronizing (normal execution)

VM Mutex/Monitor currently owned by a thread:  ([mutex/lock_event])
[0x00007ffffc9cace8] Metaspace_lock - owner thread: 0x00000194b07c0580
[0x00007ffffc9ccd68] Threads_lock - owner thread: 0x00000194cbbc4a70

Heap address: 0x00000000c4000000, size: 960 MB, Compressed Oops mode: 32-bit

CDS archive(s) mapped at: [0x00000194cc000000-0x00000194ccc90000-0x00000194ccc90000), size 13172736, SharedBaseAddress: 0x00000194cc000000, ArchiveRelocationMode: 1.
Compressed class space mapped at: 0x00000194cd000000-0x000001950d000000, reserved size: 1073741824
Narrow klass base: 0x00000194cc000000, Narrow klass shift: 0, Narrow klass range: 0x100000000

GC Precious Log:
 CardTable entry size: 512
 Card Set container configuration: InlinePtr #cards 5 size 8 Array Of Cards #cards 12 size 40 Howl #buckets 4 coarsen threshold 1843 Howl Bitmap #cards 512 size 80 coarsen threshold 460 Card regions per heap region 1 cards per card region 2048
 CPUs: 8 total, 8 available
 Memory: 3838M
 Large Page Support: Disabled
 NUMA Support: Disabled
 Compressed Oops: Enabled (32-bit)
 Heap Region Size: 1M
 Heap Min Capacity: 8M
 Heap Initial Capacity: 60M
 Heap Max Capacity: 960M
 Pre-touch: Disabled
 Parallel Workers: 8
 Concurrent Workers: 2
 Concurrent Refinement Workers: 8
 Periodic GC: Disabled

Heap:
 garbage-first heap   total 61440K, used 1024K [0x00000000c4000000, 0x0000000100000000)
  region size 1024K, 2 young (2048K), 0 survivors (0K)
 Metaspace       used 199K, committed 384K, reserved 1114112K
  class space    used 5K, committed 128K, reserved 1048576K

Heap Regions: E=young(eden), S=young(survivor), O=old, HS=humongous(starts), HC=humongous(continues), CS=collection set, F=free, TAMS=top-at-mark-start, PB=parsable bottom
|   0|0x00000000c4000000, 0x00000000c4000000, 0x00000000c4100000|  0%| F|  |TAMS 0x00000000c4000000| PB 0x00000000c4000000| Untracked 
|   1|0x00000000c4100000, 0x00000000c4100000, 0x00000000c4200000|  0%| F|  |TAMS 0x00000000c4100000| PB 0x00000000c4100000| Untracked 
|   2|0x00000000c4200000, 0x00000000c4200000, 0x00000000c4300000|  0%| F|  |TAMS 0x00000000c4200000| PB 0x00000000c4200000| Untracked 
|   3|0x00000000c4300000, 0x00000000c4300000, 0x00000000c4400000|  0%| F|  |TAMS 0x00000000c4300000| PB 0x00000000c4300000| Untracked 
|   4|0x00000000c4400000, 0x00000000c4400000, 0x00000000c4500000|  0%| F|  |TAMS 0x00000000c4400000| PB 0x00000000c4400000| Untracked 
|   5|0x00000000c4500000, 0x00000000c4500000, 0x00000000c4600000|  0%| F|  |TAMS 0x00000000c4500000| PB 0x00000000c4500000| Untracked 
|   6|0x00000000c4600000, 0x00000000c4600000, 0x00000000c4700000|  0%| F|  |TAMS 0x00000000c4600000| PB 0x00000000c4600000| Untracked 
|   7|0x00000000c4700000, 0x00000000c4700000, 0x00000000c4800000|  0%| F|  |TAMS 0x00000000c4700000| PB 0x00000000c4700000| Untracked 
|   8|0x00000000c4800000, 0x00000000c4800000, 0x00000000c4900000|  0%| F|  |TAMS 0x00000000c4800000| PB 0x00000000c4800000| Untracked 
|   9|0x00000000c4900000, 0x00000000c4900000, 0x00000000c4a00000|  0%| F|  |TAMS 0x00000000c4900000| PB 0x00000000c4900000| Untracked 
|  10|0x00000000c4a00000, 0x00000000c4a00000, 0x00000000c4b00000|  0%| F|  |TAMS 0x00000000c4a00000| PB 0x00000000c4a00000| Untracked 
|  11|0x00000000c4b00000, 0x00000000c4b00000, 0x00000000c4c00000|  0%| F|  |TAMS 0x00000000c4b00000| PB 0x00000000c4b00000| Untracked 
|  12|0x00000000c4c00000, 0x00000000c4c00000, 0x00000000c4d00000|  0%| F|  |TAMS 0x00000000c4c00000| PB 0x00000000c4c00000| Untracked 
|  13|0x00000000c4d00000, 0x00000000c4d00000, 0x00000000c4e00000|  0%| F|  |TAMS 0x00000000c4d00000| PB 0x00000000c4d00000| Untracked 
|  14|0x00000000c4e00000, 0x00000000c4e00000, 0x00000000c4f00000|  0%| F|  |TAMS 0x00000000c4e00000| PB 0x00000000c4e00000| Untracked 
|  15|0x00000000c4f00000, 0x00000000c4f00000, 0x00000000c5000000|  0%| F|  |TAMS 0x00000000c4f00000| PB 0x00000000c4f00000| Untracked 
|  16|0x00000000c5000000, 0x00000000c5000000, 0x00000000c5100000|  0%| F|  |TAMS 0x00000000c5000000| PB 0x00000000c5000000| Untracked 
|  17|0x00000000c5100000, 0x00000000c5100000, 0x00000000c5200000|  0%| F|  |TAMS 0x00000000c5100000| PB 0x00000000c5100000| Untracked 
|  18|0x00000000c5200000, 0x00000000c5200000, 0x00000000c5300000|  0%| F|  |TAMS 0x00000000c5200000| PB 0x00000000c5200000| Untracked 
|  19|0x00000000c5300000, 0x00000000c5300000, 0x00000000c5400000|  0%| F|  |TAMS 0x00000000c5300000| PB 0x00000000c5300000| Untracked 
|  20|0x00000000c5400000, 0x00000000c5400000, 0x00000000c5500000|  0%| F|  |TAMS 0x00000000c5400000| PB 0x00000000c5400000| Untracked 
|  21|0x00000000c5500000, 0x00000000c5500000, 0x00000000c5600000|  0%| F|  |TAMS 0x00000000c5500000| PB 0x00000000c5500000| Untracked 
|  22|0x00000000c5600000, 0x00000000c5600000, 0x00000000c5700000|  0%| F|  |TAMS 0x00000000c5600000| PB 0x00000000c5600000| Untracked 
|  23|0x00000000c5700000, 0x00000000c5700000, 0x00000000c5800000|  0%| F|  |TAMS 0x00000000c5700000| PB 0x00000000c5700000| Untracked 
|  24|0x00000000c5800000, 0x00000000c5800000, 0x00000000c5900000|  0%| F|  |TAMS 0x00000000c5800000| PB 0x00000000c5800000| Untracked 
|  25|0x00000000c5900000, 0x00000000c5900000, 0x00000000c5a00000|  0%| F|  |TAMS 0x00000000c5900000| PB 0x00000000c5900000| Untracked 
|  26|0x00000000c5a00000, 0x00000000c5a00000, 0x00000000c5b00000|  0%| F|  |TAMS 0x00000000c5a00000| PB 0x00000000c5a00000| Untracked 
|  27|0x00000000c5b00000, 0x00000000c5b00000, 0x00000000c5c00000|  0%| F|  |TAMS 0x00000000c5b00000| PB 0x00000000c5b00000| Untracked 
|  28|0x00000000c5c00000, 0x00000000c5c00000, 0x00000000c5d00000|  0%| F|  |TAMS 0x00000000c5c00000| PB 0x00000000c5c00000| Untracked 
|  29|0x00000000c5d00000, 0x00000000c5d00000, 0x00000000c5e00000|  0%| F|  |TAMS 0x00000000c5d00000| PB 0x00000000c5d00000| Untracked 
|  30|0x00000000c5e00000, 0x00000000c5e00000, 0x00000000c5f00000|  0%| F|  |TAMS 0x00000000c5e00000| PB 0x00000000c5e00000| Untracked 
|  31|0x00000000c5f00000, 0x00000000c5f00000, 0x00000000c6000000|  0%| F|  |TAMS 0x00000000c5f00000| PB 0x00000000c5f00000| Untracked 
|  32|0x00000000c6000000, 0x00000000c6000000, 0x00000000c6100000|  0%| F|  |TAMS 0x00000000c6000000| PB 0x00000000c6000000| Untracked 
|  33|0x00000000c6100000, 0x00000000c6100000, 0x00000000c6200000|  0%| F|  |TAMS 0x00000000c6100000| PB 0x00000000c6100000| Untracked 
|  34|0x00000000c6200000, 0x00000000c6200000, 0x00000000c6300000|  0%| F|  |TAMS 0x00000000c6200000| PB 0x00000000c6200000| Untracked 
|  35|0x00000000c6300000, 0x00000000c6300000, 0x00000000c6400000|  0%| F|  |TAMS 0x00000000c6300000| PB 0x00000000c6300000| Untracked 
|  36|0x00000000c6400000, 0x00000000c6400000, 0x00000000c6500000|  0%| F|  |TAMS 0x00000000c6400000| PB 0x00000000c6400000| Untracked 
|  37|0x00000000c6500000, 0x00000000c6500000, 0x00000000c6600000|  0%| F|  |TAMS 0x00000000c6500000| PB 0x00000000c6500000| Untracked 
|  38|0x00000000c6600000, 0x00000000c6600000, 0x00000000c6700000|  0%| F|  |TAMS 0x00000000c6600000| PB 0x00000000c6600000| Untracked 
|  39|0x00000000c6700000, 0x00000000c6700000, 0x00000000c6800000|  0%| F|  |TAMS 0x00000000c6700000| PB 0x00000000c6700000| Untracked 
|  40|0x00000000c6800000, 0x00000000c6800000, 0x00000000c6900000|  0%| F|  |TAMS 0x00000000c6800000| PB 0x00000000c6800000| Untracked 
|  41|0x00000000c6900000, 0x00000000c6900000, 0x00000000c6a00000|  0%| F|  |TAMS 0x00000000c6900000| PB 0x00000000c6900000| Untracked 
|  42|0x00000000c6a00000, 0x00000000c6a00000, 0x00000000c6b00000|  0%| F|  |TAMS 0x00000000c6a00000| PB 0x00000000c6a00000| Untracked 
|  43|0x00000000c6b00000, 0x00000000c6b00000, 0x00000000c6c00000|  0%| F|  |TAMS 0x00000000c6b00000| PB 0x00000000c6b00000| Untracked 
|  44|0x00000000c6c00000, 0x00000000c6c00000, 0x00000000c6d00000|  0%| F|  |TAMS 0x00000000c6c00000| PB 0x00000000c6c00000| Untracked 
|  45|0x00000000c6d00000, 0x00000000c6d00000, 0x00000000c6e00000|  0%| F|  |TAMS 0x00000000c6d00000| PB 0x00000000c6d00000| Untracked 
|  46|0x00000000c6e00000, 0x00000000c6e00000, 0x00000000c6f00000|  0%| F|  |TAMS 0x00000000c6e00000| PB 0x00000000c6e00000| Untracked 
|  47|0x00000000c6f00000, 0x00000000c6f00000, 0x00000000c7000000|  0%| F|  |TAMS 0x00000000c6f00000| PB 0x00000000c6f00000| Untracked 
|  48|0x00000000c7000000, 0x00000000c7000000, 0x00000000c7100000|  0%| F|  |TAMS 0x00000000c7000000| PB 0x00000000c7000000| Untracked 
|  49|0x00000000c7100000, 0x00000000c7100000, 0x00000000c7200000|  0%| F|  |TAMS 0x00000000c7100000| PB 0x00000000c7100000| Untracked 
|  50|0x00000000c7200000, 0x00000000c7200000, 0x00000000c7300000|  0%| F|  |TAMS 0x00000000c7200000| PB 0x00000000c7200000| Untracked 
|  51|0x00000000c7300000, 0x00000000c7300000, 0x00000000c7400000|  0%| F|  |TAMS 0x00000000c7300000| PB 0x00000000c7300000| Untracked 
|  52|0x00000000c7400000, 0x00000000c7400000, 0x00000000c7500000|  0%| F|  |TAMS 0x00000000c7400000| PB 0x00000000c7400000| Untracked 
|  53|0x00000000c7500000, 0x00000000c7500000, 0x00000000c7600000|  0%| F|  |TAMS 0x00000000c7500000| PB 0x00000000c7500000| Untracked 
|  54|0x00000000c7600000, 0x00000000c7600000, 0x00000000c7700000|  0%| F|  |TAMS 0x00000000c7600000| PB 0x00000000c7600000| Untracked 
|  55|0x00000000c7700000, 0x00000000c7700000, 0x00000000c7800000|  0%| F|  |TAMS 0x00000000c7700000| PB 0x00000000c7700000| Untracked 
|  56|0x00000000c7800000, 0x00000000c7800000, 0x00000000c7900000|  0%| F|  |TAMS 0x00000000c7800000| PB 0x00000000c7800000| Untracked 
|  57|0x00000000c7900000, 0x00000000c7900000, 0x00000000c7a00000|  0%| F|  |TAMS 0x00000000c7900000| PB 0x00000000c7900000| Untracked 
|  58|0x00000000c7a00000, 0x00000000c7aec1c0, 0x00000000c7b00000| 92%| E|  |TAMS 0x00000000c7a00000| PB 0x00000000c7a00000| Complete 
|  59|0x00000000c7b00000, 0x00000000c7c00000, 0x00000000c7c00000|100%| E|CS|TAMS 0x00000000c7b00000| PB 0x00000000c7b00000| Complete 

Card table byte_map: [0x00000194c8130000,0x00000194c8310000] _byte_map_base: 0x00000194c7b10000

Marking Bits: (CMBitMap*) 0x00000194b07fb130
 Bits: [0x00000194c8310000, 0x00000194c9210000)

Polling page: 0x00000194afee0000

Metaspace:

Usage:
  Non-class:    194.02 KB used.
      Class:      5.49 KB used.
       Both:    199.51 KB used.

Virtual space:
  Non-class space:       64.00 MB reserved,     256.00 KB ( <1%) committed,  1 nodes.
      Class space:        1.00 GB reserved,     128.00 KB ( <1%) committed,  1 nodes.
             Both:        1.06 GB reserved,     384.00 KB ( <1%) committed. 

Chunk freelists:
   Non-Class:  12.00 MB
       Class:  15.75 MB
        Both:  27.74 MB

MaxMetaspaceSize: unlimited
CompressedClassSpaceSize: 1.00 GB
Initial GC threshold: 21.00 MB
Current GC threshold: 21.00 MB
CDS: on
 - commit_granule_bytes: 65536.
 - commit_granule_words: 8192.
 - virtual_space_node_default_size: 8388608.
 - enlarge_chunks_in_place: 1.
 - use_allocation_guard: 0.


Internal statistics:

num_allocs_failed_limit: 0.
num_arena_births: 6.
num_arena_deaths: 0.
num_vsnodes_births: 2.
num_vsnodes_deaths: 0.
num_space_committed: 6.
num_space_uncommitted: 0.
num_chunks_returned_to_freelist: 0.
num_chunks_taken_from_freelist: 7.
num_chunk_merges: 0.
num_chunk_splits: 5.
num_chunks_enlarged: 2.
num_inconsistent_stats: 0.

CodeHeap 'non-profiled nmethods': size=120000Kb used=46Kb max_used=46Kb free=119953Kb
 bounds [0x00000194c06f0000, 0x00000194c0960000, 0x00000194c7c20000]
CodeHeap 'profiled nmethods': size=120000Kb used=131Kb max_used=131Kb free=119868Kb
 bounds [0x00000194b8c20000, 0x00000194b8e90000, 0x00000194c0150000]
CodeHeap 'non-nmethods': size=5760Kb used=1338Kb max_used=1351Kb free=4421Kb
 bounds [0x00000194c0150000, 0x00000194c03c0000, 0x00000194c06f0000]
 total_blobs=495 nmethods=134 adapters=266
 compilation: enabled
              stopped_count=0, restarted_count=0
 full_count=0

Compilation events (20 events):
Event: 0.516 Thread 0x00000194cbbfe7d0  131       1       java.lang.module.ModuleDescriptor$Exports::targets (5 bytes)
Event: 0.516 Thread 0x00000194cbbfe7d0 nmethod 131 0x00000194c06fa690 code [0x00000194c06fa820, 0x00000194c06fa8e8]
Event: 0.516 Thread 0x00000194cbbfe7d0  130       1       java.lang.module.ModuleDescriptor$Exports::source (5 bytes)
Event: 0.516 Thread 0x00000194cbbfe7d0 nmethod 130 0x00000194c06fa990 code [0x00000194c06fab20, 0x00000194c06fabe8]
Event: 0.516 Thread 0x00000194cbbfe7d0  129       1       java.util.ImmutableCollections$Set12::isEmpty (2 bytes)
Event: 0.516 Thread 0x00000194cbbfe7d0 nmethod 129 0x00000194c06fac90 code [0x00000194c06fae20, 0x00000194c06faee8]
Event: 0.516 Thread 0x00000194cbbfe7d0  134       3       java.util.ImmutableCollections$SetN::isEmpty (13 bytes)
Event: 0.516 Thread 0x00000194cbbfe7d0 nmethod 134 0x00000194b8c40190 code [0x00000194b8c40320, 0x00000194b8c40488]
Event: 0.516 Thread 0x00000194cbbfe7d0  115       1       java.lang.module.ModuleDescriptor$Requires::modifiers (5 bytes)
Event: 0.516 Thread 0x00000194cbbfe7d0 nmethod 115 0x00000194c06faf90 code [0x00000194c06fb120, 0x00000194c06fb1e8]
Event: 0.516 Thread 0x00000194cbbfe7d0  117       3       java.util.ImmutableCollections$Set12$1::hasNext (13 bytes)
Event: 0.516 Thread 0x00000194cbbfe7d0 nmethod 117 0x00000194b8c40510 code [0x00000194b8c406a0, 0x00000194b8c40808]
Event: 0.516 Thread 0x00000194cbbfe7d0  128       3       java.util.HashMap$KeyIterator::next (8 bytes)
Event: 0.517 Thread 0x00000194cbbfe7d0 nmethod 128 0x00000194b8c40890 code [0x00000194b8c40a40, 0x00000194b8c40b80]
Event: 0.517 Thread 0x00000194cbbfe7d0  124       1       java.lang.module.ModuleDescriptor::requires (5 bytes)
Event: 0.517 Thread 0x00000194cbbfe7d0 nmethod 124 0x00000194c06fb290 code [0x00000194c06fb420, 0x00000194c06fb4e8]
Event: 0.517 Thread 0x00000194cbbfe7d0  125       1       java.lang.module.ModuleDescriptor::isAutomatic (5 bytes)
Event: 0.517 Thread 0x00000194cbbfe7d0 nmethod 125 0x00000194c06fb590 code [0x00000194c06fb720, 0x00000194c06fb7f0]
Event: 0.517 Thread 0x00000194cbbfe7d0  111       1       jdk.internal.module.ModuleReferenceImpl::moduleResolution (5 bytes)
Event: 0.517 Thread 0x00000194cbbfe7d0 nmethod 111 0x00000194c06fb890 code [0x00000194c06fba20, 0x00000194c06fbae8]

GC Heap History (0 events):
No events

Dll operation events (2 events):
Event: 0.085 Loaded shared library C:\Program Files\Java\jdk-21\bin\java.dll
Event: 0.301 Loaded shared library C:\Program Files\Java\jdk-21\bin\jsvml.dll

Deoptimization events (0 events):
No events

Classes loaded (4 events):
Event: 0.287 Loading class sun/nio/cs/UTF_8$Encoder
Event: 0.290 Loading class sun/nio/cs/UTF_8$Encoder done
Event: 0.511 Loading class jdk/internal/module/ModuleReferenceImpl$CachedHash
Event: 0.512 Loading class jdk/internal/module/ModuleReferenceImpl$CachedHash done

Classes unloaded (0 events):
No events

Classes redefined (0 events):
No events

Internal exceptions (0 events):
No events

ZGC Phase Switch (0 events):
No events

VM Operations (3 events):
Event: 0.510 Executing VM operation: HandshakeAllThreads (Deoptimize)
Event: 0.510 Executing VM operation: HandshakeAllThreads (Deoptimize) done
Event: 1.514 Executing VM operation: Cleanup

Events (10 events):
Event: 0.182 Thread 0x00000194b07c0580 Thread added: 0x00000194b07c0580
Event: 0.293 Thread 0x00000194cbbe1d70 Thread added: 0x00000194cbbe1d70
Event: 0.293 Thread 0x00000194cbbe37e0 Thread added: 0x00000194cbbe37e0
Event: 0.294 Thread 0x00000194cbbeeff0 Thread added: 0x00000194cbbeeff0
Event: 0.294 Thread 0x00000194cbbefb40 Thread added: 0x00000194cbbefb40
Event: 0.294 Thread 0x00000194cbbf3720 Thread added: 0x00000194cbbf3720
Event: 0.294 Thread 0x00000194cbbf73c0 Thread added: 0x00000194cbbf73c0
Event: 0.295 Thread 0x00000194cbc005c0 Thread added: 0x00000194cbc005c0
Event: 0.295 Thread 0x00000194cbbfe7d0 Thread added: 0x00000194cbbfe7d0
Event: 0.495 Thread 0x00000195110742d0 Thread added: 0x00000195110742d0


Dynamic libraries:
0x00007ff684d40000 - 0x00007ff684d50000 	C:\Program Files\Java\jdk-21\bin\java.exe
0x00007ff858de0000 - 0x00007ff859043000 	C:\WINDOWS\SYSTEM32\ntdll.dll
0x00007ff858470000 - 0x00007ff858537000 	C:\WINDOWS\System32\KERNEL32.DLL
0x00007ff8562a0000 - 0x00007ff856669000 	C:\WINDOWS\System32\KERNELBASE.dll
0x00007ff8567f0000 - 0x00007ff85693c000 	C:\WINDOWS\System32\ucrtbase.dll
0x00007ff8529c0000 - 0x00007ff8529d9000 	C:\Program Files\Java\jdk-21\bin\jli.dll
0x00007ff848170000 - 0x00007ff84818b000 	C:\Program Files\Java\jdk-21\bin\VCRUNTIME140.dll
0x00007ff858770000 - 0x00007ff858822000 	C:\WINDOWS\System32\ADVAPI32.dll
0x00007ff858cf0000 - 0x00007ff858d99000 	C:\WINDOWS\System32\msvcrt.dll
0x00007ff858280000 - 0x00007ff858326000 	C:\WINDOWS\System32\sechost.dll
0x00007ff857f80000 - 0x00007ff858096000 	C:\WINDOWS\System32\RPCRT4.dll
0x00007ff8577e0000 - 0x00007ff8579aa000 	C:\WINDOWS\System32\USER32.dll
0x00007ff856270000 - 0x00007ff856297000 	C:\WINDOWS\System32\win32u.dll
0x00007ff858830000 - 0x00007ff85885a000 	C:\WINDOWS\System32\GDI32.dll
0x00007ff855fe0000 - 0x00007ff856111000 	C:\WINDOWS\System32\gdi32full.dll
0x00007ff8569e0000 - 0x00007ff856a83000 	C:\WINDOWS\System32\msvcp_win.dll
0x00007ff8463e0000 - 0x00007ff8463eb000 	C:\WINDOWS\SYSTEM32\VERSION.dll
0x00007ff8429b0000 - 0x00007ff842c40000 	C:\WINDOWS\WinSxS\amd64_microsoft.windows.common-controls_6595b64144ccf1df_6.0.26100.3323_none_3e088096e3344490\COMCTL32.dll
0x00007ff857b10000 - 0x00007ff857b3f000 	C:\WINDOWS\System32\IMM32.DLL
0x00007ff850d00000 - 0x00007ff850d0c000 	C:\Program Files\Java\jdk-21\bin\vcruntime140_1.dll
0x00007ff82df60000 - 0x00007ff82dfee000 	C:\Program Files\Java\jdk-21\bin\msvcp140.dll
0x00007ffffbd90000 - 0x00007ffffcaa7000 	C:\Program Files\Java\jdk-21\bin\server\jvm.dll
0x00007ff857c90000 - 0x00007ff857d04000 	C:\WINDOWS\System32\WS2_32.dll
0x00007ff855e70000 - 0x00007ff855ebe000 	C:\WINDOWS\SYSTEM32\POWRPROF.dll
0x00007ff842c50000 - 0x00007ff842c86000 	C:\WINDOWS\SYSTEM32\WINMM.dll
0x00007ff855e50000 - 0x00007ff855e64000 	C:\WINDOWS\SYSTEM32\UMPDC.dll
0x00007ff854e00000 - 0x00007ff854e1a000 	C:\WINDOWS\SYSTEM32\kernel.appcore.dll
0x00007ff84fa60000 - 0x00007ff84fa6a000 	C:\Program Files\Java\jdk-21\bin\jimage.dll
0x00007ff853820000 - 0x00007ff853a61000 	C:\WINDOWS\SYSTEM32\DBGHELP.DLL
0x00007ff856d00000 - 0x00007ff857082000 	C:\WINDOWS\System32\combase.dll
0x00007ff857b50000 - 0x00007ff857c26000 	C:\WINDOWS\System32\OLEAUT32.dll
0x00007ff83f990000 - 0x00007ff83f9c9000 	C:\WINDOWS\SYSTEM32\dbgcore.DLL
0x00007ff856940000 - 0x00007ff8569d9000 	C:\WINDOWS\System32\bcryptPrimitives.dll
0x00007ff84fa50000 - 0x00007ff84fa5f000 	C:\Program Files\Java\jdk-21\bin\instrument.dll
0x00007ff847f00000 - 0x00007ff847f1f000 	C:\Program Files\Java\jdk-21\bin\java.dll
0x00007ff857090000 - 0x00007ff8577a5000 	C:\WINDOWS\System32\SHELL32.dll
0x00007ff856a90000 - 0x00007ff856bf8000 	C:\WINDOWS\System32\wintypes.dll
0x00007ff853d00000 - 0x00007ff854545000 	C:\WINDOWS\SYSTEM32\windows.storage.dll
0x00007ff858650000 - 0x00007ff85873b000 	C:\WINDOWS\System32\SHCORE.dll
0x00007ff857c30000 - 0x00007ff857c8d000 	C:\WINDOWS\System32\shlwapi.dll
0x00007ff855ef0000 - 0x00007ff855f1f000 	C:\WINDOWS\SYSTEM32\profapi.dll
0x00007ff828950000 - 0x00007ff828a27000 	C:\Program Files\Java\jdk-21\bin\jsvml.dll

dbghelp: loaded successfully - version: 4.0.5 - missing functions: none
symbol engine: initialized successfully - sym options: 0x614 - pdb path: .;C:\Program Files\Java\jdk-21\bin;C:\WINDOWS\SYSTEM32;C:\WINDOWS\WinSxS\amd64_microsoft.windows.common-controls_6595b64144ccf1df_6.0.26100.3323_none_3e088096e3344490;C:\Program Files\Java\jdk-21\bin\server

VM Arguments:
jvm_args: -javaagent:C:\Program Files\JetBrains\IntelliJ IDEA Community Edition 2024.2.1\lib\idea_rt.jar=53335:C:\Program Files\JetBrains\IntelliJ IDEA Community Edition 2024.2.1\bin -Dfile.encoding=UTF-8 -Dsun.stdout.encoding=UTF-8 -Dsun.stderr.encoding=UTF-8 
java_command: com.digitallibrary.DigitalLibraryApplication
java_class_path (initial): C:\Users\Harsha\.m2\repository\org\springframework\boot\spring-boot-starter-web\3.2.2\spring-boot-starter-web-3.2.2.jar;C:\Users\Harsha\.m2\repository\org\springframework\boot\spring-boot-starter\3.2.2\spring-boot-starter-3.2.2.jar;C:\Users\Harsha\.m2\repository\org\springframework\boot\spring-boot-starter-logging\3.2.2\spring-boot-starter-logging-3.2.2.jar;C:\Users\Harsha\.m2\repository\ch\qos\logback\logback-classic\1.4.14\logback-classic-1.4.14.jar;C:\Users\Harsha\.m2\repository\ch\qos\logback\logback-core\1.4.14\logback-core-1.4.14.jar;C:\Users\Harsha\.m2\repository\org\apache\logging\log4j\log4j-to-slf4j\2.21.1\log4j-to-slf4j-2.21.1.jar;C:\Users\Harsha\.m2\repository\org\apache\logging\log4j\log4j-api\2.21.1\log4j-api-2.21.1.jar;C:\Users\Harsha\.m2\repository\org\slf4j\jul-to-slf4j\2.0.11\jul-to-slf4j-2.0.11.jar;C:\Users\Harsha\.m2\repository\jakarta\annotation\jakarta.annotation-api\2.1.1\jakarta.annotation-api-2.1.1.jar;C:\Users\Harsha\.m2\repository\org\yaml\snakeyaml\2.2\snakeyaml-2.2.jar;C:\Users\Harsha\.m2\repository\org\springframework\boot\spring-boot-starter-json\3.2.2\spring-boot-starter-json-3.2.2.jar;C:\Users\Harsha\.m2\repository\com\fasterxml\jackson\core\jackson-databind\2.15.3\jackson-databind-2.15.3.jar;C:\Users\Harsha\.m2\repository\com\fasterxml\jackson\core\jackson-annotations\2.15.3\jackson-annotations-2.15.3.jar;C:\Users\Harsha\.m2\repository\com\fasterxml\jackson\core\jackson-core\2.15.3\jackson-core-2.15.3.jar;C:\Users\Harsha\.m2\repository\com\fasterxml\jackson\datatype\jackson-datatype-jdk8\2.15.3\jackson-datatype-jdk8-2.15.3.jar;C:\Users\Harsha\.m2\repository\com\fasterxml\jackson\datatype\jackson-datatype-jsr310\2.15.3\jackson-datatype-jsr310-2.15.3.jar;C:\Users\Harsha\.m2\repository\com\fasterxml\jackson\module\jackson-module-parameter-names\2.15.3\jackson-module-parameter-names-2.15.3.jar;C:\Users\Harsha\.m2\repository\org\springframework\boot\spring-boot-starter-tomcat\3.2.2\spring-boot-starter-tomcat-3.2.2.jar;C:\Users\Harsha\.m2\repository\org\apache\tomcat\embed\tomcat-embed-core\10.1.18\tomcat-embed-core-10.1.18.jar;C:\Users\Harsha\.m2\repository\org\apache\tomcat\embed\tomcat-embed-websocket\10.1.18\tomcat-embed-websocket-10.1.18.jar;C:\Users\Harsha\.m2\repository\org\springframework\spring-web\6.1.3\spring-web-6.1.3.jar;C:\Users\Harsha\.m2\repository\org\springframework\spring-beans\6.1.3\spring-beans-6.1.3.jar;C:\Users\Harsha\.m2\repository\io\micrometer\micrometer-observation\1.12.2\micrometer-observation-1.12.2.jar;C:\Users\Harsha\.m2\repository\io\micrometer\micrometer-commons\1.12.2\micrometer-commons-1.12.2.jar;C:\Users\Harsha\.m2\repository\org\springframework\spring-webmvc\6.1.3\spring-webmvc-6.1.3.jar;C:\Users\Harsha\.m2\repository\org\springframework\spring-aop\6.1.3\spring-aop-6.1.3.jar;C:\Users\Harsha\.m2\repository\org\springframework\spring-context\6.1.3\spring-context-6.1.3.jar;C:\Users\Harsha\.m2\repository\org\springframework\spring-expression\6.1.3\spring-expression-6.1.3.jar;C:\Users\Harsha\.m2\repository\org\springframework\boot\spring-boot-starter-data-jpa\3.2.2\spring-boot-starter-data-jpa-3.2.2.jar;C:\Users\Harsha\.m2\repository\org\springframework\boot\spring-boot-starter-aop\3.2.2\spring-boot-starter-aop-3.2.2.jar;C:\Users\Harsha\.m2\repository\org\aspectj\aspectjweaver\1.9.21\aspectjweaver-1.9.21.jar;C:\Users\Harsha\.m2\repository\org\springframework\boot\spring-boot-starter-jdbc\3.2.2\spring-boot-starter-jdbc-3.2.2.jar;C:\Users\Harsha\.m2\repository\com\zaxxer\HikariCP\5.0.1\HikariCP-5.0.1.jar;C:\Users\Harsha\.m2\repository\org\springframework\spring-jdbc\6.1.3\spring-jdbc-6.1.3.jar;C:\Users\Harsha\.m2\repository\org\hibernate\orm\hibernate-core\6.4.1.Final\hibernate-core-6.4.1.Final.jar;C:\Users\Harsha\.m2\repository\jakarta\persistence\jakarta.persistence-api\3.1.0\jakarta.persistence-api-3.1.0.jar;C:\Users\Harsha\.m2\repository\jakarta\transaction\jakarta.transaction-api\2.0.1\jakarta.transaction-api-2.0.1.jar;C:\Users\Harsha\.m2\repository\org\jboss\logging\jboss-logging\3.5.3.Final\jboss-logging-3.5.3.Final.jar;C:\Users\Harsha\.m2\repository\org\hibernate\common\hibernate-commons-annotations\6.0.6.Final\hibernate-commons-annotations-6.0.6.Final.jar;C:\Users\Harsha\.m2\repository\io\smallrye\jandex\3.1.2\jandex-3.1.2.jar;C:\Users\Harsha\.m2\repository\com\fasterxml\classmate\1.6.0\classmate-1.6.0.jar;C:\Users\Harsha\.m2\repository\org\glassfish\jaxb\jaxb-runtime\4.0.4\jaxb-runtime-4.0.4.jar;C:\Users\Harsha\.m2\repository\org\glassfish\jaxb\jaxb-core\4.0.4\jaxb-core-4.0.4.jar;C:\Users\Harsha\.m2\repository\org\eclipse\angus\angus-activation\2.0.1\angus-activation-2.0.1.jar;C:\Users\Harsha\.m2\repository\org\glassfish\jaxb\txw2\4.0.4\txw2-4.0.4.jar;C:\Users\Harsha\.m2\repository\com\sun\istack\istack-commons-runtime\4.1.2\istack-commons-runtime-4.1.2.jar;C:\Users\Harsha\.m2\repository\jakarta\inject\jakarta.inject-api\2.0.1\jakarta.inject-api-2.0.1.jar;C:\Users\Harsha\.m2\repository\org\antlr\antlr4-runtime\4.13.0\antlr4-runtime-4.13.0.jar;C:\Users\Harsha\.m2\repository\org\springframework\data\spring-data-jpa\3.2.2\spring-data-jpa-3.2.2.jar;C:\Users\Harsha\.m2\repository\org\springframework\data\spring-data-commons\3.2.2\spring-data-commons-3.2.2.jar;C:\Users\Harsha\.m2\repository\org\springframework\spring-orm\6.1.3\spring-orm-6.1.3.jar;C:\Users\Harsha\.m2\repository\org\springframework\spring-tx\6.1.3\spring-tx-6.1.3.jar;C:\Users\Harsha\.m2\repository\org\slf4j\slf4j-api\2.0.11\slf4j-api-2.0.11.jar;C:\Users\Harsha\.m2\repository\org\springframework\spring-aspects\6.1.3\spring-aspects-6.1.3.jar;C:\Users\Harsha\.m2\repository\org\springframework\boot\spring-boot-starter-validation\3.2.2\spring-boot-starter-validation-3.2.2.jar;C:\Users\Harsha\.m2\repository\org\apache\tomcat\embed\tomcat-embed-el\10.1.18\tomcat-embed-el-10.1.18.jar;C:\Users\Harsha\.m2\repository\org\hibernate\validator\hibernate-validator\8.0.1.Final\hibernate-validator-8.0.1.Final.jar;C:\Users\Harsha\.m2\repository\jakarta\validation\jakarta.validation-api\3.0.2\jakarta.validation-api-3.0.2.jar;C:\Users\Harsha\.m2\repository\com\mysql\mysql-connector-j\8.3.0\mysql-connector-j-8.3.0.jar;C:\Users\Harsha\.m2\repository\org\springframework\boot\spring-boot-devtools\3.2.2\spring-boot-devtools-3.2.2.jar;C:\Users\Harsha\.m2\repository\org\springframework\boot\spring-boot\3.2.2\spring-boot-3.2.2.jar;C:\Users\Harsha\.m2\repository\org\springframework\boot\spring-boot-autoconfigure\3.2.2\spring-boot-autoconfigure-3.2.2.jar;C:\Users\Harsha\.m2\repository\jakarta\xml\bind\jakarta.xml.bind-api\4.0.1\jakarta.xml.bind-api-4.0.1.jar;C:\Users\Harsha\.m2\repository\jakarta\activation\jakarta.activation-api\2.1.2\jakarta.activation-api-2.1.2.jar;C:\Users\Harsha\.m2\repository\org\springframework\spring-core\6.1.3\spring-core-6.1.3.jar;C:\Users\Harsha\.m2\repository\org\springframework\spring-jcl\6.1.3\spring-jcl-6.1.3.jar;C:\Users\Harsha\.m2\repository\net\bytebuddy\byte-buddy\1.14.11\byte-buddy-1.14.11.jar;C:\Users\Harsha\.m2\repository\org\projectlombok\lombok\1.18.30\lombok-1.18.30.jar;C:\Users\Harsha\.m2\repository\org\springdoc\springdoc-openapi-starter-webmvc-ui\2.2.0\springdoc-openapi-starter-webmvc-ui-2.2.0.jar;C:\Users\Harsha\.m2\repository\org\springdoc\springdoc-openapi-starter-webmvc-api\2.2.0\springdoc-openapi-starter-webmvc-api-2.2.0.jar;C:\Users\Harsha\.m2\repository\org\springdoc\springdoc-openapi-starter-common\2.2.0\springdoc-openapi-starter-common-2.2.0.jar;C:\Users\Harsha\.m2\repository\io\swagger\core\v3\swagger-core-jakarta\2.2.15\swagger-core-jakarta-2.2.15.jar;C:\Users\Harsha\.m2\repository\org\apache\commons\commons-lang3\3.13.0\commons-lang3-3.13.0.jar;C:\Users\Harsha\.m2\repository\io\swagger\core\v3\swagger-annotations-jakarta\2.2.15\swagger-annotations-jakarta-2.2.15.jar;C:\Users\Harsha\.m2\repository\io\swagger\core\v3\swagger-models-jakarta\2.2.15\swagger-models-jakarta-2.2.15.jar;C:\Users\Harsha\.m2\repository\com\fasterxml\jackson\dataformat\jackson-dataformat-yaml\2.15.3\jackson-dataformat-yaml-2.15.3.jar;C:\Users\Harsha\.m2\repository\org\webjars\swagger-ui\5.2.0\swagger-ui-5.2.0.jar
Launcher Type: SUN_STANDARD

[Global flags]
     intx CICompilerCount                          = 4                                         {product} {ergonomic}
     uint ConcGCThreads                            = 2                                         {product} {ergonomic}
     uint G1ConcRefinementThreads                  = 8                                         {product} {ergonomic}
   size_t G1HeapRegionSize                         = 1048576                                   {product} {ergonomic}
    uintx GCDrainStackTargetSize                   = 64                                        {product} {ergonomic}
   size_t InitialHeapSize                          = 62914560                                  {product} {ergonomic}
   size_t MarkStackSize                            = 4194304                                   {product} {ergonomic}
   size_t MaxHeapSize                              = 1006632960                                {product} {ergonomic}
   size_t MaxNewSize                               = 603979776                                 {product} {ergonomic}
   size_t MinHeapDeltaBytes                        = 1048576                                   {product} {ergonomic}
   size_t MinHeapSize                              = 8388608                                   {product} {ergonomic}
    uintx NonNMethodCodeHeapSize                   = 5839372                                {pd product} {ergonomic}
    uintx NonProfiledCodeHeapSize                  = 122909434                              {pd product} {ergonomic}
    uintx ProfiledCodeHeapSize                     = 122909434                              {pd product} {ergonomic}
    uintx ReservedCodeCacheSize                    = 251658240                              {pd product} {ergonomic}
     bool SegmentedCodeCache                       = true                                      {product} {ergonomic}
   size_t SoftMaxHeapSize                          = 1006632960                             {manageable} {ergonomic}
     bool UseCompressedOops                        = true                           {product lp64_product} {ergonomic}
     bool UseG1GC                                  = true                                      {product} {ergonomic}
     bool UseLargePagesIndividualAllocation        = false                                  {pd product} {ergonomic}

Logging:
Log output configuration:
 #0: stdout all=warning uptime,level,tags foldmultilines=false
 #1: stderr all=off uptime,level,tags foldmultilines=false

Environment Variables:
JAVA_HOME=C:\Program Files\Java\jdk-21
PATH=C:\Program Files\Java\jdk-21\bin;C:\Program Files\Common Files\Oracle\Java\javapath;C:\WINDOWS\system32;C:\WINDOWS;C:\WINDOWS\System32\Wbem;C:\WINDOWS\System32\WindowsPowerShell\v1.0\;C:\WINDOWS\System32\OpenSSH\;C:\Program Files\PuTTY\;C:\Program Files\MySQL\MySQL Server 8.0\bin;C:\Program Files\Java\jdk-21\bin;C:\Program Files\nodejs\;C:\ProgramData\chocolatey\bin;C:\php-8.3.2;C:\Users\Harsha\Downloads\apache-maven-3.9.8-bin\apache-maven-3.9.8\bin;C:\Program Files\Git LFS;C:\Program Files\Git\cmd;C:\Program Files\Microsoft SQL Server\150\Tools\Binn\;C:\Program Files\Microsoft SQL Server\Client SDK\ODBC\170\Tools\Binn\;C:\Program Files\dotnet\;C:\Program Files\MySQL\MySQL Shell 8.0\bin\;C:\Users\Harsha\AppData\Local\Microsoft\WindowsApps;C:\Users\Harsha\AppData\Local\Programs\Microsoft VS Code\bin;C:\Program Files \nodejs;C:\Users\Harsha\AppData\Roaming\npm;C:\Users\Harsha\AppData\Local\GitHubDesktop\bin;C:\Program Files\JetBrains\IntelliJ IDEA Community Edition 2024.2.1\bin;;C:\Users\Harsha\.dotnet\tools
USERNAME=Harsha
OS=Windows_NT
PROCESSOR_IDENTIFIER=Intel64 Family 6 Model 126 Stepping 5, GenuineIntel
TMP=C:\Users\Harsha\AppData\Local\Temp
TEMP=C:\Users\Harsha\AppData\Local\Temp




Periodic native trim disabled

---------------  S Y S T E M  ---------------

OS:
 Windows 11 , 64 bit Build 26100 (10.0.26100.3323)
OS uptime: 0 days 8:53 hours

CPU: total 8 (initial active 8) (4 cores per cpu, 2 threads per core) family 6 model 126 stepping 5 microcode 0xc4, cx8, cmov, fxsr, ht, mmx, 3dnowpref, sse, sse2, sse3, ssse3, sse4.1, sse4.2, popcnt, lzcnt, tsc, tscinvbit, avx, avx2, aes, erms, clmul, bmi1, bmi2, adx, avx512f, avx512dq, avx512cd, avx512bw, avx512vl, sha, fma, vzeroupper, avx512_vpopcntdq, avx512_vpclmulqdq, avx512_vaes, avx512_vnni, clflush, clflushopt, avx512_vbmi2, avx512_vbmi, rdtscp, rdpid, fsrm, gfni, avx512_bitalg, f16c, pku, avx512_ifma
Processor Information for all 8 processors :
  Max Mhz: 1190, Current Mhz: 991, Mhz Limit: 987

Memory: 4k page, system-wide physical 3838M (65M free)
TotalPageFile size 15614M (AvailPageFile size 3M)
current process WorkingSet (physical memory assigned to process): 35M, peak: 35M
current process commit charge ("private bytes"): 138M, peak: 138M

vm_info: Java HotSpot(TM) 64-Bit Server VM (21.0.2+13-LTS-58) for windows-amd64 JRE (21.0.2+13-LTS-58), built on 2024-01-05T18:32:24Z by "mach5one" with MS VC++ 17.1 (VS2022)

END.
